<?xml version="1.0" encoding="UTF-8"?>
<!-- Generated by org.testng.reporters.JUnitReportReporter -->
<testsuite hostname="LAPTOP-LFOGEP19" failures="0" tests="8" name="test_Poorna.Contacts_Page_Test_Poorna" time="26.067" errors="0" timestamp="2023-04-17T21:40:50 CDT" skipped="5">
  <testcase classname="test_Poorna.Contacts_Page_Test_Poorna" name="CreateNewLastNameAccountNameUpdateing_TC_32" time="10.370"/>
  <system-out/>
  <testcase classname="test_Poorna.Contacts_Page_Test_Poorna" name="EnterViewNameUniqueNameButDontSaveIt_TC_31" time="7.810"/>
  <system-out/>
  <testcase classname="test_Poorna.Contacts_Page_Test_Poorna" name="Create_New_Contacts_TC_25" time="7.887"/>
  <system-out/>
  <testcase classname="test_Poorna.Contacts_Page_Test_Poorna" name="CreateNewView_TC_26">
    <skipped/>
  </testcase> <!-- CreateNewView_TC_26 -->
  <system-out/>
  <testcase classname="test_Poorna.Contacts_Page_Test_Poorna" name="CheckingMyContactsTC_29">
    <skipped/>
  </testcase> <!-- CheckingMyContactsTC_29 -->
  <system-out/>
  <testcase classname="test_Poorna.Contacts_Page_Test_Poorna" name="CheckingRecentlyCreatedContactsTC_27">
    <skipped/>
  </testcase> <!-- CheckingRecentlyCreatedContactsTC_27 -->
  <system-out/>
  <testcase classname="test_Poorna.Contacts_Page_Test_Poorna" name="CreateNewView_TC_30">
    <skipped/>
  </testcase> <!-- CreateNewView_TC_30 -->
  <system-out/>
  <testcase classname="test_Poorna.Contacts_Page_Test_Poorna" name="CheckingMyContactsTC_28">
    <skipped/>
  </testcase> <!-- CheckingMyContactsTC_28 -->
  <system-out/>
</testsuite> <!-- test_Poorna.Contacts_Page_Test_Poorna -->
