<?xml version="1.0" encoding="UTF-8"?>
<!-- Generated by org.testng.reporters.JUnitReportReporter -->
<testsuite hostname="LAPTOP-LFOGEP19" failures="0" tests="2" name="test_Poorna.Login_Test_Poorna" time="5.809" errors="0" timestamp="2023-04-16T20:32:56 CDT" skipped="1">
  <testcase classname="test_Poorna.Login_Test_Poorna" name="Login_HomePage_Displayed02" time="5.809"/>
  <system-out/>
  <testcase classname="test_Poorna.Login_Test_Poorna" name="LoginTC02">
    <skipped/>
  </testcase> <!-- LoginTC02 -->
  <system-out/>
</testsuite> <!-- test_Poorna.Login_Test_Poorna -->
