<?xml version="1.0" encoding="UTF-8"?>
<!-- Generated by org.testng.reporters.JUnitReportReporter -->
<testsuite hostname="LAPTOP-LFOGEP19" failures="0" tests="4" name="test_Poorna.User_Menu_Page_Test_Poorna" time="19.365" errors="0" timestamp="2023-04-15T09:50:13 CDT" skipped="3">
  <testcase classname="test_Poorna.User_Menu_Page_Test_Poorna" name="UserDrops_TC07" time="19.365"/>
  <system-out/>
  <testcase classname="test_Poorna.User_Menu_Page_Test_Poorna" name="checkDeveloperConsole_TC_08">
    <skipped/>
  </testcase> <!-- checkDeveloperConsole_TC_08 -->
  <system-out/>
  <testcase classname="test_Poorna.User_Menu_Page_Test_Poorna" name="UserMenuDropDownTC_05">
    <skipped/>
  </testcase> <!-- UserMenuDropDownTC_05 -->
  <system-out/>
  <testcase classname="test_Poorna.User_Menu_Page_Test_Poorna" name="userMenu_TC06">
    <skipped/>
  </testcase> <!-- userMenu_TC06 -->
  <system-out/>
</testsuite> <!-- test_Poorna.User_Menu_Page_Test_Poorna -->
