<?xml version="1.0" encoding="UTF-8"?>
<!-- Generated by org.testng.reporters.JUnitReportReporter -->
<testsuite hostname="LAPTOP-LFOGEP19" failures="0" tests="1" name="test_Poorna.Login_Test_Poorna" time="9.455" errors="0" timestamp="2023-07-06T10:57:35 CDT" skipped="0">
  <testcase classname="test_Poorna.Login_Test_Poorna" name="Login_HomePage_Displayed02" time="9.455"/>
  <system-out/>
</testsuite> <!-- test_Poorna.Login_Test_Poorna -->
