<?xml version="1.0" encoding="UTF-8"?>
<!-- Generated by org.testng.reporters.JUnitReportReporter -->
<testsuite hostname="LAPTOP-LFOGEP19" failures="0" tests="1" name="test_Poorna.Login_Test_Poorna" time="2.979" errors="0" timestamp="2023-05-01T17:27:07 CDT" skipped="0">
  <testcase classname="test_Poorna.Login_Test_Poorna" name="PasswordRest_Tc04_A" time="2.979"/>
  <system-out/>
</testsuite> <!-- test_Poorna.Login_Test_Poorna -->
