<?xml version="1.0" encoding="UTF-8"?>
<!-- Generated by org.testng.reporters.JUnitReportReporter -->
<testsuite hostname="LAPTOP-LFOGEP19" failures="0" tests="1" name="test_Poorna.Leads_Page_Test" time="6.171" errors="0" timestamp="2023-04-17T21:46:10 CDT" skipped="0">
  <testcase classname="test_Poorna.Leads_Page_Test" name="OpenLeadsPage_TC_20" time="6.171"/>
  <system-out/>
</testsuite> <!-- test_Poorna.Leads_Page_Test -->
