<?xml version="1.0" encoding="UTF-8"?>
<!-- Generated by org.testng.reporters.JUnitReportReporter -->
<testsuite hostname="LAPTOP-LFOGEP19" failures="0" tests="1" name="test_Poorna.Login_Test_Poorna" time="2.247" errors="0" timestamp="2023-04-28T09:38:20 CDT" skipped="0">
  <testcase classname="test_Poorna.Login_Test_Poorna" name="PasswordRest_Tc04_A" time="2.247"/>
  <system-out/>
</testsuite> <!-- test_Poorna.Login_Test_Poorna -->
