<?xml version="1.0" encoding="UTF-8"?>
<!-- Generated by org.testng.reporters.JUnitReportReporter -->
<testsuite hostname="LAPTOP-LFOGEP19" failures="0" tests="5" name="test_Poorna.create_Opp_Test_Poorna" time="93.677" errors="0" timestamp="2023-05-09T17:05:14 CDT" skipped="0">
  <testcase classname="test_Poorna.create_Opp_Test_Poorna" name="opportunities_Drop_Down_TC15" time="15.848"/>
  <system-out/>
  <testcase classname="test_Poorna.create_Opp_Test_Poorna" name="reports_struck_Opp_TC18" time="22.333"/>
  <system-out/>
  <testcase classname="test_Poorna.create_Opp_Test_Poorna" name="create_new_Opp_TC17" time="19.431"/>
  <system-out/>
  <testcase classname="test_Poorna.create_Opp_Test_Poorna" name="create_new_Opp_TC16" time="17.741"/>
  <system-out/>
  <testcase classname="test_Poorna.create_Opp_Test_Poorna" name="search_Criteria_TC19" time="18.324"/>
  <system-out/>
</testsuite> <!-- test_Poorna.create_Opp_Test_Poorna -->
