<?xml version="1.0" encoding="UTF-8"?>
<!-- Generated by org.testng.reporters.JUnitReportReporter -->
<testsuite hostname="LAPTOP-LFOGEP19" failures="0" tests="1" name="test_Poorna.create_Opp_Test_Poorna" time="14.777" errors="0" timestamp="2023-05-05T14:43:12 CDT" skipped="0">
  <testcase classname="test_Poorna.create_Opp_Test_Poorna" name="create_new_Opp_TC16" time="14.777"/>
  <system-out/>
</testsuite> <!-- test_Poorna.create_Opp_Test_Poorna -->
