<?xml version="1.0" encoding="UTF-8"?>
<!-- Generated by org.testng.reporters.JUnitReportReporter -->
<testsuite hostname="LAPTOP-LFOGEP19" failures="0" tests="1" name="test_Poorna.Create_Acc_Page_Test_Poorna" time="4.847" errors="0" timestamp="2023-04-16T07:51:30 CDT" skipped="0">
  <testcase classname="test_Poorna.Create_Acc_Page_Test_Poorna" name="Create_New_ACC_TC10" time="4.847"/>
  <system-out/>
</testsuite> <!-- test_Poorna.Create_Acc_Page_Test_Poorna -->
