<?xml version="1.0" encoding="UTF-8"?>
<!-- Generated by org.testng.reporters.JUnitReportReporter -->
<testsuite hostname="LAPTOP-LFOGEP19" failures="0" tests="5" name="test_Poorna.Leads_Page_Test_Poorna" time="96.543" errors="0" timestamp="2023-05-02T21:44:38 CDT" skipped="0">
  <testcase classname="test_Poorna.Leads_Page_Test_Poorna" name="newlyCreatedLeadView_TC24" time="19.968"/>
  <system-out/>
  <testcase classname="test_Poorna.Leads_Page_Test_Poorna" name="validate_Leads_Select_View_TC_21" time="12.727"/>
  <system-out/>
  <testcase classname="test_Poorna.Leads_Page_Test_Poorna" name="Functionality_of_Go_Button_TC22" time="16.656"/>
  <system-out/>
  <testcase classname="test_Poorna.Leads_Page_Test_Poorna" name="todays_Leads_TC23" time="24.702"/>
  <system-out/>
  <testcase classname="test_Poorna.Leads_Page_Test_Poorna" name="OpenLeadsPage_TC_20" time="22.490"/>
  <system-out/>
</testsuite> <!-- test_Poorna.Leads_Page_Test_Poorna -->
