<?xml version="1.0" encoding="UTF-8"?>
<!-- Generated by org.testng.reporters.JUnitReportReporter -->
<testsuite hostname="LAPTOP-LFOGEP19" failures="0" tests="1" name="test_Poorna.Leads_Page_Test_Poorna" time="11.794" errors="0" timestamp="2023-07-05T13:04:48 CDT" skipped="0">
  <testcase classname="test_Poorna.Leads_Page_Test_Poorna" name="newlyCreatedLeadView_TC24" time="11.794"/>
  <system-out/>
</testsuite> <!-- test_Poorna.Leads_Page_Test_Poorna -->
